<?xml version="1.0" encoding="UTF-8"?>
<!-- Generated by org.testng.reporters.JUnitReportReporter -->
<testsuite skipped="0" hostname="DESKTOP-09TNRAV" name="scripts.Testcase4" tests="1" failures="0" timestamp="2022-08-28T18:54:27 IST" time="0.008" errors="0">
  <testcase name="tc4" time="0.008" classname="scripts.Testcase4"/>
  <system-out>
hello API  </system-out>
</testsuite> <!-- scripts.Testcase4 -->
