<?xml version="1.0" encoding="UTF-8"?>
<!-- Generated by org.testng.reporters.JUnitReportReporter -->
<testsuite skipped="0" hostname="DESKTOP-09TNRAV" name="scripts.Testcase2" tests="1" failures="0" timestamp="2022-08-28T18:54:27 IST" time="0.003" errors="0">
  <testcase name="tc2" time="0.003" classname="scripts.Testcase2"/>
  <system-out>
hello selenium  </system-out>
</testsuite> <!-- scripts.Testcase2 -->
