<?xml version="1.0" encoding="UTF-8"?>
<!-- Generated by org.testng.reporters.JUnitReportReporter -->
<testsuite skipped="0" hostname="DESKTOP-09TNRAV" name="scripts.Testcase3" tests="1" failures="0" timestamp="2022-08-28T18:54:27 IST" time="0.022" errors="0">
  <testcase name="tc3" time="0.022" classname="scripts.Testcase3"/>
  <system-out>
hello appium  </system-out>
</testsuite> <!-- scripts.Testcase3 -->
